<?xml version="1.0" encoding="UTF-8"?>
<coverage generated="1617989922264" clover="3.2.0">
  <project timestamp="1617989922264" name="All files">
    <metrics statements="19" coveredstatements="19" conditionals="3" coveredconditionals="3" methods="17" coveredmethods="17" elements="39" coveredelements="39" complexity="0" loc="19" ncloc="19" packages="1" files="1" classes="1"/>
    <file name="index.js" path="/Users/aucoeurngo/dev/FEW2.1/charful/src/index.js">
      <metrics statements="19" coveredstatements="19" conditionals="3" coveredconditionals="3" methods="17" coveredmethods="17"/>
      <line num="3" count="1" type="stmt"/>
      <line num="11" count="11" type="stmt"/>
      <line num="20" count="1" type="stmt"/>
      <line num="24" count="1" type="stmt"/>
      <line num="34" count="2" type="stmt"/>
      <line num="35" count="5" type="stmt"/>
      <line num="47" count="10" type="stmt"/>
      <line num="58" count="1" type="stmt"/>
      <line num="59" count="1" type="stmt"/>
      <line num="69" count="1" type="stmt"/>
      <line num="70" count="1" type="stmt"/>
      <line num="79" count="1" type="stmt"/>
      <line num="80" count="2" type="stmt"/>
      <line num="81" count="1" type="stmt"/>
      <line num="96" count="1" type="stmt"/>
      <line num="114" count="1" type="stmt"/>
      <line num="115" count="3" type="stmt"/>
      <line num="117" count="3" type="stmt"/>
      <line num="137" count="2" type="cond" truecount="2" falsecount="0"/>
    </file>
  </project>
</coverage>
