{"/Users/aucoeurngo/dev/FEW2.1/charful/src/index.js": {"path":"/Users/aucoeurngo/dev/FEW2.1/charful/src/index.js","statementMap":{"0":{"start":{"line":3,"column":4},"end":{"line":3,"column":18}},"1":{"start":{"line":11,"column":4},"end":{"line":11,"column":60}},"2":{"start":{"line":20,"column":4},"end":{"line":20,"column":28}},"3":{"start":{"line":24,"column":4},"end":{"line":24,"column":28}},"4":{"start":{"line":34,"column":21},"end":{"line":34,"column":35}},"5":{"start":{"line":35,"column":4},"end":{"line":35,"column":66}},"6":{"start":{"line":35,"column":34},"end":{"line":35,"column":55}},"7":{"start":{"line":47,"column":4},"end":{"line":47,"column":64}},"8":{"start":{"line":47,"column":38},"end":{"line":47,"column":53}},"9":{"start":{"line":58,"column":18},"end":{"line":58,"column":74}},"10":{"start":{"line":59,"column":4},"end":{"line":59,"column":31}},"11":{"start":{"line":69,"column":18},"end":{"line":69,"column":46}},"12":{"start":{"line":70,"column":4},"end":{"line":70,"column":31}},"13":{"start":{"line":79,"column":18},"end":{"line":79,"column":46}},"14":{"start":{"line":80,"column":29},"end":{"line":80,"column":80}},"15":{"start":{"line":80,"column":58},"end":{"line":80,"column":79}},"16":{"start":{"line":81,"column":4},"end":{"line":81,"column":66}},"17":{"start":{"line":96,"column":4},"end":{"line":96,"column":45}},"18":{"start":{"line":114,"column":17},"end":{"line":114,"column":31}},"19":{"start":{"line":115,"column":4},"end":{"line":115,"column":44}},"20":{"start":{"line":115,"column":24},"end":{"line":115,"column":43}},"21":{"start":{"line":117,"column":4},"end":{"line":117,"column":68}},"22":{"start":{"line":117,"column":40},"end":{"line":117,"column":67}},"23":{"start":{"line":137,"column":4},"end":{"line":137,"column":50}}},"fnMap":{"0":{"name":"(anonymous_0)","decl":{"start":{"line":2,"column":2},"end":{"line":2,"column":3}},"loc":{"start":{"line":2,"column":19},"end":{"line":4,"column":3}},"line":2},"1":{"name":"(anonymous_1)","decl":{"start":{"line":9,"column":2},"end":{"line":9,"column":3}},"loc":{"start":{"line":9,"column":18},"end":{"line":12,"column":3}},"line":9},"2":{"name":"(anonymous_2)","decl":{"start":{"line":19,"column":2},"end":{"line":19,"column":3}},"loc":{"start":{"line":19,"column":15},"end":{"line":21,"column":3}},"line":19},"3":{"name":"(anonymous_3)","decl":{"start":{"line":23,"column":2},"end":{"line":23,"column":3}},"loc":{"start":{"line":23,"column":13},"end":{"line":25,"column":3}},"line":23},"4":{"name":"(anonymous_4)","decl":{"start":{"line":33,"column":2},"end":{"line":33,"column":3}},"loc":{"start":{"line":33,"column":23},"end":{"line":36,"column":3}},"line":33},"5":{"name":"(anonymous_5)","decl":{"start":{"line":35,"column":24},"end":{"line":35,"column":25}},"loc":{"start":{"line":35,"column":34},"end":{"line":35,"column":55}},"line":35},"6":{"name":"(anonymous_6)","decl":{"start":{"line":45,"column":2},"end":{"line":45,"column":3}},"loc":{"start":{"line":45,"column":25},"end":{"line":48,"column":3}},"line":45},"7":{"name":"(anonymous_7)","decl":{"start":{"line":47,"column":33},"end":{"line":47,"column":34}},"loc":{"start":{"line":47,"column":38},"end":{"line":47,"column":53}},"line":47},"8":{"name":"(anonymous_8)","decl":{"start":{"line":57,"column":2},"end":{"line":57,"column":3}},"loc":{"start":{"line":57,"column":28},"end":{"line":60,"column":3}},"line":57},"9":{"name":"(anonymous_9)","decl":{"start":{"line":68,"column":2},"end":{"line":68,"column":3}},"loc":{"start":{"line":68,"column":17},"end":{"line":71,"column":3}},"line":68},"10":{"name":"(anonymous_10)","decl":{"start":{"line":78,"column":2},"end":{"line":78,"column":3}},"loc":{"start":{"line":78,"column":17},"end":{"line":82,"column":3}},"line":78},"11":{"name":"(anonymous_11)","decl":{"start":{"line":80,"column":48},"end":{"line":80,"column":49}},"loc":{"start":{"line":80,"column":58},"end":{"line":80,"column":79}},"line":80},"12":{"name":"(anonymous_12)","decl":{"start":{"line":95,"column":2},"end":{"line":95,"column":3}},"loc":{"start":{"line":95,"column":18},"end":{"line":97,"column":3}},"line":95},"13":{"name":"(anonymous_13)","decl":{"start":{"line":113,"column":2},"end":{"line":113,"column":3}},"loc":{"start":{"line":113,"column":19},"end":{"line":118,"column":3}},"line":113},"14":{"name":"(anonymous_14)","decl":{"start":{"line":115,"column":14},"end":{"line":115,"column":15}},"loc":{"start":{"line":115,"column":24},"end":{"line":115,"column":43}},"line":115},"15":{"name":"(anonymous_15)","decl":{"start":{"line":117,"column":32},"end":{"line":117,"column":33}},"loc":{"start":{"line":117,"column":40},"end":{"line":117,"column":67}},"line":117},"16":{"name":"(anonymous_16)","decl":{"start":{"line":134,"column":2},"end":{"line":134,"column":3}},"loc":{"start":{"line":134,"column":15},"end":{"line":138,"column":3}},"line":134}},"branchMap":{"0":{"loc":{"start":{"line":57,"column":17},"end":{"line":57,"column":26}},"type":"default-arg","locations":[{"start":{"line":57,"column":23},"end":{"line":57,"column":26}}],"line":57},"1":{"loc":{"start":{"line":137,"column":11},"end":{"line":137,"column":50}},"type":"cond-expr","locations":[{"start":{"line":137,"column":38},"end":{"line":137,"column":43}},{"start":{"line":137,"column":46},"end":{"line":137,"column":50}}],"line":137}},"s":{"0":1,"1":11,"2":1,"3":1,"4":2,"5":2,"6":5,"7":1,"8":10,"9":1,"10":1,"11":1,"12":1,"13":1,"14":1,"15":2,"16":1,"17":1,"18":1,"19":1,"20":3,"21":1,"22":3,"23":2},"f":{"0":1,"1":11,"2":1,"3":1,"4":2,"5":5,"6":1,"7":10,"8":1,"9":1,"10":1,"11":2,"12":1,"13":1,"14":3,"15":3,"16":2},"b":{"0":[1],"1":[1,1]},"_coverageSchema":"1a1c01bbd47fc00a2c39e90264f33305004495a9","hash":"ce298d6f8ab73d7f931504b5a4ca595f1771523c"}
}
