TN:
SF:src/index.js
FN:2,(anonymous_0)
FN:9,(anonymous_1)
FN:19,(anonymous_2)
FN:23,(anonymous_3)
FN:33,(anonymous_4)
FN:35,(anonymous_5)
FN:45,(anonymous_6)
FN:47,(anonymous_7)
FN:57,(anonymous_8)
FN:68,(anonymous_9)
FN:78,(anonymous_10)
FN:80,(anonymous_11)
FN:95,(anonymous_12)
FN:113,(anonymous_13)
FN:115,(anonymous_14)
FN:117,(anonymous_15)
FN:134,(anonymous_16)
FNF:17
FNH:17
FNDA:1,(anonymous_0)
FNDA:11,(anonymous_1)
FNDA:1,(anonymous_2)
FNDA:1,(anonymous_3)
FNDA:2,(anonymous_4)
FNDA:5,(anonymous_5)
FNDA:1,(anonymous_6)
FNDA:10,(anonymous_7)
FNDA:1,(anonymous_8)
FNDA:1,(anonymous_9)
FNDA:1,(anonymous_10)
FNDA:2,(anonymous_11)
FNDA:1,(anonymous_12)
FNDA:1,(anonymous_13)
FNDA:3,(anonymous_14)
FNDA:3,(anonymous_15)
FNDA:2,(anonymous_16)
DA:3,1
DA:11,11
DA:20,1
DA:24,1
DA:34,2
DA:35,5
DA:47,10
DA:58,1
DA:59,1
DA:69,1
DA:70,1
DA:79,1
DA:80,2
DA:81,1
DA:96,1
DA:114,1
DA:115,3
DA:117,3
DA:137,2
LF:19
LH:19
BRDA:57,0,0,1
BRDA:137,1,0,1
BRDA:137,1,1,1
BRF:3
BRH:3
end_of_record
